<?xml version="1.0" encoding="UTF-8"?>
<!-- Generated by org.testng.reporters.JUnitReportReporter -->
<testsuite skipped="0" hostname="DESKTOP-QOO588T" name="restassuredHttpMethods.HttpMethodsPractice" tests="1" failures="0" timestamp="2021-08-27T16:24:32 IST" time="3.469" errors="0">
  <testcase name="getMethod" time="3.469" classname="restassuredHttpMethods.HttpMethodsPractice"/>
  <system-out/>
</testsuite> <!-- restassuredHttpMethods.HttpMethodsPractice -->
